<?xml version="1.0" encoding="UTF-8"?>
<!-- Generated by org.testng.reporters.JUnitReportReporter -->
<testsuite hostname="Shashanks-MacBook-Air.local" failures="0" tests="2" name="parallel.ParallelRun" time="29.074" errors="0" timestamp="23 May 2021 08:32:15 GMT" skipped="0">
  <testcase classname="parallel.ParallelRun" name="runScenario" time="14.207"/>
  <testcase classname="parallel.ParallelRun" name="runScenario" time="14.867"/>
</testsuite> <!-- parallel.ParallelRun -->
