<?xml version="1.0" encoding="UTF-8"?>
<!-- Generated by org.testng.reporters.JUnitReportReporter -->
<testsuite hostname="Shashanks-MacBook-Air.local" failures="0" tests="2" name="parallel.ParallelRun" time="26.406" errors="0" timestamp="23 May 2021 08:14:35 GMT" skipped="0">
  <testcase classname="parallel.ParallelRun" name="runScenario" time="13.370"/>
  <testcase classname="parallel.ParallelRun" name="runScenario" time="13.036"/>
</testsuite> <!-- parallel.ParallelRun -->
